INFO: [VRFC 10-2263] Analyzing SystemVerilog file "C:/Users/eleves/Downloads/uart_ascon_light_el/uart_ascon_light_el.srcs/sources_1/imports/fsmAscon/ASCON.sv" into library xil_defaultlib
INFO: [VRFC 10-311] analyzing module ASCON
INFO: [VRFC 10-2263] Analyzing SystemVerilog file "C:/Users/eleves/Downloads/uart_ascon_light_el/uart_ascon_light_el.srcs/sources_1/imports/RTL2/ascon_pack.sv" into library xil_defaultlib
INFO: [VRFC 10-2263] Analyzing SystemVerilog file "C:/Users/eleves/Downloads/uart_ascon_light_el/uart_ascon_light_el.srcs/sources_1/imports/Sources_ascon-20250324/Pc.sv" into library xil_defaultlib
INFO: [VRFC 10-311] analyzing module Pc
INFO: [VRFC 10-2263] Analyzing SystemVerilog file "C:/Users/eleves/Downloads/uart_ascon_light_el/uart_ascon_light_el.srcs/sources_1/imports/Sources_ascon-20250324/Permutation.sv" into library xil_defaultlib
INFO: [VRFC 10-311] analyzing module Permutation
INFO: [VRFC 10-2263] Analyzing SystemVerilog file "C:/Users/eleves/Downloads/uart_ascon_light_el/uart_ascon_light_el.srcs/sources_1/imports/Sources_ascon-20250324/Pl.sv" into library xil_defaultlib
INFO: [VRFC 10-311] analyzing module Pl
INFO: [VRFC 10-2263] Analyzing SystemVerilog file "C:/Users/eleves/Downloads/uart_ascon_light_el/uart_ascon_light_el.srcs/sources_1/imports/Sources_ascon-20250324/Ps.sv" into library xil_defaultlib
INFO: [VRFC 10-311] analyzing module Ps
INFO: [VRFC 10-2263] Analyzing SystemVerilog file "C:/Users/eleves/Downloads/uart_ascon_light_el/uart_ascon_light_el.srcs/sources_1/imports/Sources_ascon-20250324/Sbox.sv" into library xil_defaultlib
INFO: [VRFC 10-311] analyzing module sbox
INFO: [VRFC 10-2263] Analyzing SystemVerilog file "C:/Users/eleves/Downloads/uart_ascon_light_el/uart_ascon_light_el.srcs/sources_1/imports/RTL2/uart_pkg.sv" into library xil_defaultlib
INFO: [VRFC 10-2263] Analyzing SystemVerilog file "C:/Users/eleves/Downloads/uart_ascon_light_el/uart_ascon_light_el.srcs/sources_1/imports/RTL2/ad_reg.sv" into library xil_defaultlib
INFO: [VRFC 10-311] analyzing module ad_reg
INFO: [VRFC 10-2263] Analyzing SystemVerilog file "C:/Users/eleves/Downloads/uart_ascon_light_el/uart_ascon_light_el.srcs/sources_1/imports/Sources_ascon-20250324/ascon.sv" into library xil_defaultlib
INFO: [VRFC 10-311] analyzing module ascon
INFO: [VRFC 10-2263] Analyzing SystemVerilog file "C:/Users/eleves/Downloads/uart_ascon_light_el/uart_ascon_light_el.srcs/sources_1/imports/RTL2/ascon_reg.sv" into library xil_defaultlib
INFO: [VRFC 10-311] analyzing module ascon_reg
INFO: [VRFC 10-2263] Analyzing SystemVerilog file "C:/Users/eleves/Downloads/uart_ascon_light_el/uart_ascon_light_el.srcs/sources_1/imports/RTL2/baud_generator.sv" into library xil_defaultlib
INFO: [VRFC 10-311] analyzing module baud_generator
INFO: [VRFC 10-2263] Analyzing SystemVerilog file "C:/Users/eleves/Downloads/uart_ascon_light_el/uart_ascon_light_el.srcs/sources_1/imports/RTL2/cipher_reg.sv" into library xil_defaultlib
INFO: [VRFC 10-311] analyzing module cipher_reg
INFO: [VRFC 10-2263] Analyzing SystemVerilog file "C:/Users/eleves/Downloads/uart_ascon_light_el/uart_ascon_light_el.srcs/sources_1/imports/fsmAscon/compteur.sv" into library xil_defaultlib
INFO: [VRFC 10-311] analyzing module compteur
INFO: [VRFC 10-2263] Analyzing SystemVerilog file "C:/Users/eleves/Downloads/uart_ascon_light_el/uart_ascon_light_el.srcs/sources_1/imports/Sources_ascon-20250324/compteur_double_init.sv" into library xil_defaultlib
INFO: [VRFC 10-311] analyzing module compteur_double_init
INFO: [VRFC 10-2263] Analyzing SystemVerilog file "C:/Users/eleves/Downloads/uart_ascon_light_el/uart_ascon_light_el.srcs/sources_1/imports/fsmAscon/fsm.sv" into library xil_defaultlib
INFO: [VRFC 10-311] analyzing module fsm
INFO: [VRFC 10-2263] Analyzing SystemVerilog file "C:/Users/eleves/Downloads/uart_ascon_light_el/uart_ascon_light_el.srcs/sources_1/imports/RTL2/fsm_dcounter.sv" into library xil_defaultlib
INFO: [VRFC 10-311] analyzing module fsm_dcounter
INFO: [VRFC 10-2263] Analyzing SystemVerilog file "C:/Users/eleves/Downloads/uart_ascon_light_el/uart_ascon_light_el.srcs/sources_1/imports/Sources_ascon-20250324/fsm_moore.sv" into library xil_defaultlib
INFO: [VRFC 10-311] analyzing module fsm_moore
INFO: [VRFC 10-2263] Analyzing SystemVerilog file "C:/Users/eleves/Downloads/uart_ascon_light_el/uart_ascon_light_el.srcs/sources_1/imports/RTL2/fsm_uart.sv" into library xil_defaultlib
INFO: [VRFC 10-311] analyzing module fsm_uart
INFO: [VRFC 10-2263] Analyzing SystemVerilog file "C:/Users/eleves/Downloads/uart_ascon_light_el/uart_ascon_light_el.srcs/sources_1/imports/RTL2/key_reg.sv" into library xil_defaultlib
INFO: [VRFC 10-311] analyzing module key_reg
INFO: [VRFC 10-2263] Analyzing SystemVerilog file "C:/Users/eleves/Downloads/uart_ascon_light_el/uart_ascon_light_el.srcs/sources_1/imports/Sources_ascon-20250324/mux_state.sv" into library xil_defaultlib
INFO: [VRFC 10-311] analyzing module mux_state
INFO: [VRFC 10-2263] Analyzing SystemVerilog file "C:/Users/eleves/Downloads/uart_ascon_light_el/uart_ascon_light_el.srcs/sources_1/imports/RTL2/nonce_reg.sv" into library xil_defaultlib
INFO: [VRFC 10-311] analyzing module nonce_reg
INFO: [VRFC 10-2263] Analyzing SystemVerilog file "C:/Users/eleves/Downloads/uart_ascon_light_el/uart_ascon_light_el.srcs/sources_1/imports/RTL2/receive.sv" into library xil_defaultlib
INFO: [VRFC 10-311] analyzing module receive
INFO: [VRFC 10-2263] Analyzing SystemVerilog file "C:/Users/eleves/Downloads/uart_ascon_light_el/uart_ascon_light_el.srcs/sources_1/imports/RTL2/reg_sel.sv" into library xil_defaultlib
INFO: [VRFC 10-311] analyzing module reg_sel
INFO: [VRFC 10-2263] Analyzing SystemVerilog file "C:/Users/eleves/Downloads/uart_ascon_light_el/uart_ascon_light_el.srcs/sources_1/imports/Sources_ascon-20250324/register_w_en.sv" into library xil_defaultlib
INFO: [VRFC 10-311] analyzing module register_w_en
INFO: [VRFC 10-2263] Analyzing SystemVerilog file "C:/Users/eleves/Downloads/uart_ascon_light_el/uart_ascon_light_el.srcs/sources_1/imports/RTL2/rx_reg.sv" into library xil_defaultlib
INFO: [VRFC 10-311] analyzing module rx_reg
INFO: [VRFC 10-2263] Analyzing SystemVerilog file "C:/Users/eleves/Downloads/uart_ascon_light_el/uart_ascon_light_el.srcs/sources_1/imports/RTL2/rxbit_dcounter.sv" into library xil_defaultlib
INFO: [VRFC 10-311] analyzing module rxbit_dcounter
INFO: [VRFC 10-2263] Analyzing SystemVerilog file "C:/Users/eleves/Downloads/uart_ascon_light_el/uart_ascon_light_el.srcs/sources_1/imports/Sources_ascon-20250324/state_register_w_en.sv" into library xil_defaultlib
INFO: [VRFC 10-311] analyzing module state_register_w_en
INFO: [VRFC 10-2263] Analyzing SystemVerilog file "C:/Users/eleves/Downloads/uart_ascon_light_el/uart_ascon_light_el.srcs/sources_1/imports/RTL2/tag_reg.sv" into library xil_defaultlib
INFO: [VRFC 10-311] analyzing module tag_reg
INFO: [VRFC 10-2263] Analyzing SystemVerilog file "C:/Users/eleves/Downloads/uart_ascon_light_el/uart_ascon_light_el.srcs/sources_1/imports/RTL2/trans_receive.sv" into library xil_defaultlib
INFO: [VRFC 10-311] analyzing module trans_receive
INFO: [VRFC 10-2263] Analyzing SystemVerilog file "C:/Users/eleves/Downloads/uart_ascon_light_el/uart_ascon_light_el.srcs/sources_1/imports/RTL2/transmit.sv" into library xil_defaultlib
INFO: [VRFC 10-311] analyzing module transmit
INFO: [VRFC 10-2263] Analyzing SystemVerilog file "C:/Users/eleves/Downloads/uart_ascon_light_el/uart_ascon_light_el.srcs/sources_1/imports/RTL2/tx_reg.sv" into library xil_defaultlib
INFO: [VRFC 10-311] analyzing module tx_reg
INFO: [VRFC 10-2263] Analyzing SystemVerilog file "C:/Users/eleves/Downloads/uart_ascon_light_el/uart_ascon_light_el.srcs/sources_1/imports/RTL2/txbit_dcounter.sv" into library xil_defaultlib
INFO: [VRFC 10-311] analyzing module txbit_dcounter
INFO: [VRFC 10-2263] Analyzing SystemVerilog file "C:/Users/eleves/Downloads/uart_ascon_light_el/uart_ascon_light_el.srcs/sources_1/imports/RTL2/uart_core.sv" into library xil_defaultlib
INFO: [VRFC 10-311] analyzing module uart_core
INFO: [VRFC 10-2263] Analyzing SystemVerilog file "C:/Users/eleves/Downloads/uart_ascon_light_el/uart_ascon_light_el.srcs/sources_1/imports/RTL2/wave_reg.sv" into library xil_defaultlib
INFO: [VRFC 10-311] analyzing module wave_reg
INFO: [VRFC 10-2263] Analyzing SystemVerilog file "C:/Users/eleves/Downloads/uart_ascon_light_el/uart_ascon_light_el.srcs/sources_1/imports/Sources_ascon-20250324/xor_begin_perm.sv" into library xil_defaultlib
INFO: [VRFC 10-311] analyzing module xor_begin_perm
INFO: [VRFC 10-2263] Analyzing SystemVerilog file "C:/Users/eleves/Downloads/uart_ascon_light_el/uart_ascon_light_el.srcs/sources_1/imports/Sources_ascon-20250324/xor_end_perm.sv" into library xil_defaultlib
INFO: [VRFC 10-311] analyzing module xor_end_perm
INFO: [VRFC 10-2263] Analyzing SystemVerilog file "C:/Users/eleves/Downloads/uart_ascon_light_el/uart_ascon_light_el.srcs/sources_1/imports/RTL2/inter_spartan.sv" into library xil_defaultlib
INFO: [VRFC 10-311] analyzing module inter_spartan
INFO: [VRFC 10-2263] Analyzing Verilog file "C:/Users/eleves/Downloads/uart_ascon_light_el/uart_ascon_light_el.sim/sim_1/behav/xsim/glbl.v" into library xil_defaultlib
INFO: [VRFC 10-311] analyzing module glbl
